<?xml version="1.0" encoding="UTF-8"?>
<!-- Generated by org.testng.reporters.JUnitXMLReporter -->
<testsuite ignored="0" hostname="LAPTOP-GAUPM6CM" failures="0" tests="4" name="Default test" time="0.101" errors="0" timestamp="2025-09-24T21:25:28 IST">
  <testcase classname="com.adactinhotelapp.tests.Login" name="m1" time="0.007"/>
  <testcase classname="com.adactinhotelapp.tests.Login" name="m2" time="0.003"/>
  <testcase classname="com.adactinhotelapp.tests.Login" name="m3" time="0.002"/>
  <testcase classname="com.adactinhotelapp.tests.Login" name="m4" time="0.002"/>
</testsuite> <!-- Default test -->
