<?xml version="1.0" encoding="UTF-8"?>
<!-- Generated by org.testng.reporters.JUnitXMLReporter -->
<testsuite ignored="0" hostname="LAPTOP-GAUPM6CM" failures="0" tests="4" name="Default test" time="35.612" errors="0" timestamp="2025-09-23T21:09:55 IST">
  <testcase classname="com.adactinhotelapp.tests.ValidateLoginUsingDataProvider" name="validateLoginTest1" time="1.0"/>
  <testcase classname="com.adactinhotelapp.tests.ValidateLoginUsingDataProvider" name="validateLoginTest1" time="0.609"/>
  <testcase classname="com.adactinhotelapp.tests.ValidateLoginUsingDataProvider" name="validateLoginTest1" time="2.716"/>
  <testcase classname="com.adactinhotelapp.tests.ValidateLoginUsingDataProvider" name="validateLoginTest1" time="1.701"/>
</testsuite> <!-- Default test -->
