<?xml version="1.0" encoding="UTF-8"?>
<testng-results ignored="0" total="4" passed="4" failed="0" skipped="0">
  <reporter-output>
  </reporter-output>
  <suite started-at="2025-09-23T21:09:19 IST" name="Default suite" finished-at="2025-09-23T21:09:55 IST" duration-ms="35612">
    <groups>
    </groups>
    <test started-at="2025-09-23T21:09:19 IST" name="Default test" finished-at="2025-09-23T21:09:55 IST" duration-ms="35612">
      <class name="com.adactinhotelapp.tests.ValidateLoginUsingDataProvider">
        <test-method is-config="true" signature="setUp()[pri:0, instance:com.adactinhotelapp.tests.ValidateLoginUsingDataProvider@3e8c3cb]" started-at="2025-09-23T21:09:19 IST" name="setUp" finished-at="2025-09-23T21:09:23 IST" duration-ms="3606" status="PASS">
          <reporter-output>
          </reporter-output>
        </test-method> <!-- setUp -->
        <test-method signature="validateLoginTest1(java.lang.String,java.lang.String,java.lang.String)[pri:0, instance:com.adactinhotelapp.tests.ValidateLoginUsingDataProvider@3e8c3cb]" started-at="2025-09-23T21:09:23 IST" name="validateLoginTest1" data-provider="getTestData" finished-at="2025-09-23T21:09:24 IST" duration-ms="1000" status="PASS">
          <params>
            <param index="0">
              <value>
                <![CDATA[reyaz0806]]>
              </value>
            </param>
            <param index="1">
              <value>
                <![CDATA[reyaz123]]>
              </value>
            </param>
            <param index="2">
              <value>
                <![CDATA[Adactin.com - Search Hotel]]>
              </value>
            </param>
          </params>
          <reporter-output>
          </reporter-output>
        </test-method> <!-- validateLoginTest1 -->
        <test-method is-config="true" signature="teardown()[pri:0, instance:com.adactinhotelapp.tests.ValidateLoginUsingDataProvider@3e8c3cb]" started-at="2025-09-23T21:09:24 IST" name="teardown" finished-at="2025-09-23T21:09:27 IST" duration-ms="3345" status="PASS">
          <reporter-output>
          </reporter-output>
        </test-method> <!-- teardown -->
        <test-method is-config="true" signature="setUp()[pri:0, instance:com.adactinhotelapp.tests.ValidateLoginUsingDataProvider@3e8c3cb]" started-at="2025-09-23T21:09:27 IST" name="setUp" finished-at="2025-09-23T21:09:32 IST" duration-ms="4072" status="PASS">
          <reporter-output>
          </reporter-output>
        </test-method> <!-- setUp -->
        <test-method signature="validateLoginTest1(java.lang.String,java.lang.String,java.lang.String)[pri:0, instance:com.adactinhotelapp.tests.ValidateLoginUsingDataProvider@3e8c3cb]" started-at="2025-09-23T21:09:32 IST" name="validateLoginTest1" data-provider="getTestData" finished-at="2025-09-23T21:09:32 IST" duration-ms="609" status="PASS">
          <params>
            <param index="0">
              <value>
                <![CDATA[reyaz0806]]>
              </value>
            </param>
            <param index="1">
              <value>
                <![CDATA[reyaz456]]>
              </value>
            </param>
            <param index="2">
              <value>
                <![CDATA[Adactin.com - Hotel Reservation System]]>
              </value>
            </param>
          </params>
          <reporter-output>
          </reporter-output>
        </test-method> <!-- validateLoginTest1 -->
        <test-method is-config="true" signature="teardown()[pri:0, instance:com.adactinhotelapp.tests.ValidateLoginUsingDataProvider@3e8c3cb]" started-at="2025-09-23T21:09:32 IST" name="teardown" finished-at="2025-09-23T21:09:35 IST" duration-ms="3314" status="PASS">
          <reporter-output>
          </reporter-output>
        </test-method> <!-- teardown -->
        <test-method is-config="true" signature="setUp()[pri:0, instance:com.adactinhotelapp.tests.ValidateLoginUsingDataProvider@3e8c3cb]" started-at="2025-09-23T21:09:35 IST" name="setUp" finished-at="2025-09-23T21:09:39 IST" duration-ms="3916" status="PASS">
          <reporter-output>
          </reporter-output>
        </test-method> <!-- setUp -->
        <test-method signature="validateLoginTest1(java.lang.String,java.lang.String,java.lang.String)[pri:0, instance:com.adactinhotelapp.tests.ValidateLoginUsingDataProvider@3e8c3cb]" started-at="2025-09-23T21:09:39 IST" name="validateLoginTest1" data-provider="getTestData" finished-at="2025-09-23T21:09:42 IST" duration-ms="2716" status="PASS">
          <params>
            <param index="0">
              <value>
                <![CDATA[reyaz1212]]>
              </value>
            </param>
            <param index="1">
              <value>
                <![CDATA[reyaz123]]>
              </value>
            </param>
            <param index="2">
              <value>
                <![CDATA[Adactin.com - Hotel Reservation System]]>
              </value>
            </param>
          </params>
          <reporter-output>
          </reporter-output>
        </test-method> <!-- validateLoginTest1 -->
        <test-method is-config="true" signature="teardown()[pri:0, instance:com.adactinhotelapp.tests.ValidateLoginUsingDataProvider@3e8c3cb]" started-at="2025-09-23T21:09:42 IST" name="teardown" finished-at="2025-09-23T21:09:45 IST" duration-ms="3263" status="PASS">
          <reporter-output>
          </reporter-output>
        </test-method> <!-- teardown -->
        <test-method is-config="true" signature="setUp()[pri:0, instance:com.adactinhotelapp.tests.ValidateLoginUsingDataProvider@3e8c3cb]" started-at="2025-09-23T21:09:45 IST" name="setUp" finished-at="2025-09-23T21:09:50 IST" duration-ms="4685" status="PASS">
          <reporter-output>
          </reporter-output>
        </test-method> <!-- setUp -->
        <test-method signature="validateLoginTest1(java.lang.String,java.lang.String,java.lang.String)[pri:0, instance:com.adactinhotelapp.tests.ValidateLoginUsingDataProvider@3e8c3cb]" started-at="2025-09-23T21:09:50 IST" name="validateLoginTest1" data-provider="getTestData" finished-at="2025-09-23T21:09:52 IST" duration-ms="1701" status="PASS">
          <params>
            <param index="0">
              <value>
                <![CDATA[reyaz1212]]>
              </value>
            </param>
            <param index="1">
              <value>
                <![CDATA[reyaz456]]>
              </value>
            </param>
            <param index="2">
              <value>
                <![CDATA[Adactin.com - Hotel Reservation System]]>
              </value>
            </param>
          </params>
          <reporter-output>
          </reporter-output>
        </test-method> <!-- validateLoginTest1 -->
        <test-method is-config="true" signature="teardown()[pri:0, instance:com.adactinhotelapp.tests.ValidateLoginUsingDataProvider@3e8c3cb]" started-at="2025-09-23T21:09:52 IST" name="teardown" finished-at="2025-09-23T21:09:55 IST" duration-ms="3308" status="PASS">
          <reporter-output>
          </reporter-output>
        </test-method> <!-- teardown -->
      </class> <!-- com.adactinhotelapp.tests.ValidateLoginUsingDataProvider -->
    </test> <!-- Default test -->
  </suite> <!-- Default suite -->
</testng-results>
