<?xml version="1.0" encoding="UTF-8"?>
<testng-results ignored="0" total="9" passed="9" failed="0" skipped="0">
  <reporter-output>
  </reporter-output>
  <suite started-at="2025-09-24T21:31:20 IST" name="Suite" finished-at="2025-09-24T21:31:21 IST" duration-ms="160">
    <groups>
    </groups>
    <test started-at="2025-09-24T21:31:20 IST" name="Test" finished-at="2025-09-24T21:31:21 IST" duration-ms="160">
      <class name="com.adactinhotelapp.tests.Register">
        <test-method is-config="true" signature="s1()[pri:0, instance:com.adactinhotelapp.tests.Register@3f191845]" started-at="2025-09-24T21:31:21 IST" name="s1" finished-at="2025-09-24T21:31:21 IST" duration-ms="0" status="PASS">
          <reporter-output>
          </reporter-output>
        </test-method> <!-- s1 -->
        <test-method is-config="true" signature="setUp()[pri:0, instance:com.adactinhotelapp.tests.Register@3f191845]" started-at="2025-09-24T21:31:21 IST" name="setUp" finished-at="2025-09-24T21:31:21 IST" duration-ms="1" status="PASS">
          <reporter-output>
          </reporter-output>
        </test-method> <!-- setUp -->
        <test-method signature="m5()[pri:0, instance:com.adactinhotelapp.tests.Register@3f191845]" started-at="2025-09-24T21:31:21 IST" name="m5" finished-at="2025-09-24T21:31:21 IST" duration-ms="1" status="PASS">
          <reporter-output>
          </reporter-output>
        </test-method> <!-- m5 -->
        <test-method is-config="true" signature="clear()[pri:0, instance:com.adactinhotelapp.tests.Register@3f191845]" started-at="2025-09-24T21:31:21 IST" name="clear" finished-at="2025-09-24T21:31:21 IST" duration-ms="0" status="PASS">
          <reporter-output>
          </reporter-output>
        </test-method> <!-- clear -->
        <test-method signature="m6()[pri:0, instance:com.adactinhotelapp.tests.Register@3f191845]" started-at="2025-09-24T21:31:21 IST" name="m6" finished-at="2025-09-24T21:31:21 IST" duration-ms="3" status="PASS">
          <reporter-output>
          </reporter-output>
        </test-method> <!-- m6 -->
        <test-method is-config="true" signature="setUp()[pri:0, instance:com.adactinhotelapp.tests.Register@3f191845]" started-at="2025-09-24T21:31:21 IST" name="setUp" finished-at="2025-09-24T21:31:21 IST" duration-ms="0" status="PASS">
          <reporter-output>
          </reporter-output>
        </test-method> <!-- setUp -->
        <test-method is-config="true" signature="clear()[pri:0, instance:com.adactinhotelapp.tests.Register@3f191845]" started-at="2025-09-24T21:31:21 IST" name="clear" finished-at="2025-09-24T21:31:21 IST" duration-ms="0" status="PASS">
          <reporter-output>
          </reporter-output>
        </test-method> <!-- clear -->
        <test-method signature="m7()[pri:0, instance:com.adactinhotelapp.tests.Register@3f191845]" started-at="2025-09-24T21:31:21 IST" name="m7" finished-at="2025-09-24T21:31:21 IST" duration-ms="2" status="PASS">
          <reporter-output>
          </reporter-output>
        </test-method> <!-- m7 -->
        <test-method is-config="true" signature="setUp()[pri:0, instance:com.adactinhotelapp.tests.Register@3f191845]" started-at="2025-09-24T21:31:21 IST" name="setUp" finished-at="2025-09-24T21:31:21 IST" duration-ms="0" status="PASS">
          <reporter-output>
          </reporter-output>
        </test-method> <!-- setUp -->
        <test-method is-config="true" signature="clear()[pri:0, instance:com.adactinhotelapp.tests.Register@3f191845]" started-at="2025-09-24T21:31:21 IST" name="clear" finished-at="2025-09-24T21:31:21 IST" duration-ms="2" status="PASS">
          <reporter-output>
          </reporter-output>
        </test-method> <!-- clear -->
        <test-method is-config="true" signature="setUp()[pri:0, instance:com.adactinhotelapp.tests.Register@3f191845]" started-at="2025-09-24T21:31:21 IST" name="setUp" finished-at="2025-09-24T21:31:21 IST" duration-ms="1" status="PASS">
          <reporter-output>
          </reporter-output>
        </test-method> <!-- setUp -->
        <test-method signature="m8()[pri:0, instance:com.adactinhotelapp.tests.Register@3f191845]" started-at="2025-09-24T21:31:21 IST" name="m8" finished-at="2025-09-24T21:31:21 IST" duration-ms="1" status="PASS">
          <reporter-output>
          </reporter-output>
        </test-method> <!-- m8 -->
        <test-method is-config="true" signature="clear()[pri:0, instance:com.adactinhotelapp.tests.Register@3f191845]" started-at="2025-09-24T21:31:21 IST" name="clear" finished-at="2025-09-24T21:31:21 IST" duration-ms="0" status="PASS">
          <reporter-output>
          </reporter-output>
        </test-method> <!-- clear -->
        <test-method signature="m9()[pri:0, instance:com.adactinhotelapp.tests.Register@3f191845]" started-at="2025-09-24T21:31:21 IST" name="m9" finished-at="2025-09-24T21:31:21 IST" duration-ms="1" status="PASS">
          <reporter-output>
          </reporter-output>
        </test-method> <!-- m9 -->
        <test-method is-config="true" signature="setUp()[pri:0, instance:com.adactinhotelapp.tests.Register@3f191845]" started-at="2025-09-24T21:31:21 IST" name="setUp" finished-at="2025-09-24T21:31:21 IST" duration-ms="0" status="PASS">
          <reporter-output>
          </reporter-output>
        </test-method> <!-- setUp -->
        <test-method is-config="true" signature="clear()[pri:0, instance:com.adactinhotelapp.tests.Register@3f191845]" started-at="2025-09-24T21:31:21 IST" name="clear" finished-at="2025-09-24T21:31:21 IST" duration-ms="0" status="PASS">
          <reporter-output>
          </reporter-output>
        </test-method> <!-- clear -->
      </class> <!-- com.adactinhotelapp.tests.Register -->
      <class name="com.adactinhotelapp.tests.Login">
        <test-method is-config="true" signature="a1()[pri:0, instance:com.adactinhotelapp.tests.Login@28261e8e]" started-at="2025-09-24T21:31:20 IST" name="a1" finished-at="2025-09-24T21:31:20 IST" duration-ms="22" status="PASS">
          <reporter-output>
          </reporter-output>
        </test-method> <!-- a1 -->
        <test-method is-config="true" signature="s1()[pri:0, instance:com.adactinhotelapp.tests.Login@28261e8e]" started-at="2025-09-24T21:31:20 IST" name="s1" finished-at="2025-09-24T21:31:20 IST" duration-ms="2" status="PASS">
          <reporter-output>
          </reporter-output>
        </test-method> <!-- s1 -->
        <test-method is-config="true" signature="setUp()[pri:0, instance:com.adactinhotelapp.tests.Login@28261e8e]" started-at="2025-09-24T21:31:21 IST" name="setUp" finished-at="2025-09-24T21:31:21 IST" duration-ms="1" status="PASS">
          <reporter-output>
          </reporter-output>
        </test-method> <!-- setUp -->
        <test-method signature="m1()[pri:0, instance:com.adactinhotelapp.tests.Login@28261e8e]" started-at="2025-09-24T21:31:21 IST" name="m1" finished-at="2025-09-24T21:31:21 IST" duration-ms="7" status="PASS">
          <reporter-output>
          </reporter-output>
        </test-method> <!-- m1 -->
        <test-method is-config="true" signature="clear()[pri:0, instance:com.adactinhotelapp.tests.Login@28261e8e]" started-at="2025-09-24T21:31:21 IST" name="clear" finished-at="2025-09-24T21:31:21 IST" duration-ms="2" status="PASS">
          <reporter-output>
          </reporter-output>
        </test-method> <!-- clear -->
        <test-method is-config="true" signature="setUp()[pri:0, instance:com.adactinhotelapp.tests.Login@28261e8e]" started-at="2025-09-24T21:31:21 IST" name="setUp" finished-at="2025-09-24T21:31:21 IST" duration-ms="1" status="PASS">
          <reporter-output>
          </reporter-output>
        </test-method> <!-- setUp -->
        <test-method signature="m2()[pri:0, instance:com.adactinhotelapp.tests.Login@28261e8e]" started-at="2025-09-24T21:31:21 IST" name="m2" finished-at="2025-09-24T21:31:21 IST" duration-ms="3" status="PASS">
          <reporter-output>
          </reporter-output>
        </test-method> <!-- m2 -->
        <test-method is-config="true" signature="clear()[pri:0, instance:com.adactinhotelapp.tests.Login@28261e8e]" started-at="2025-09-24T21:31:21 IST" name="clear" finished-at="2025-09-24T21:31:21 IST" duration-ms="2" status="PASS">
          <reporter-output>
          </reporter-output>
        </test-method> <!-- clear -->
        <test-method is-config="true" signature="setUp()[pri:0, instance:com.adactinhotelapp.tests.Login@28261e8e]" started-at="2025-09-24T21:31:21 IST" name="setUp" finished-at="2025-09-24T21:31:21 IST" duration-ms="1" status="PASS">
          <reporter-output>
          </reporter-output>
        </test-method> <!-- setUp -->
        <test-method signature="m3()[pri:0, instance:com.adactinhotelapp.tests.Login@28261e8e]" started-at="2025-09-24T21:31:21 IST" name="m3" finished-at="2025-09-24T21:31:21 IST" duration-ms="0" status="PASS">
          <reporter-output>
          </reporter-output>
        </test-method> <!-- m3 -->
        <test-method is-config="true" signature="clear()[pri:0, instance:com.adactinhotelapp.tests.Login@28261e8e]" started-at="2025-09-24T21:31:21 IST" name="clear" finished-at="2025-09-24T21:31:21 IST" duration-ms="1" status="PASS">
          <reporter-output>
          </reporter-output>
        </test-method> <!-- clear -->
        <test-method is-config="true" signature="setUp()[pri:0, instance:com.adactinhotelapp.tests.Login@28261e8e]" started-at="2025-09-24T21:31:21 IST" name="setUp" finished-at="2025-09-24T21:31:21 IST" duration-ms="1" status="PASS">
          <reporter-output>
          </reporter-output>
        </test-method> <!-- setUp -->
        <test-method signature="m4()[pri:0, instance:com.adactinhotelapp.tests.Login@28261e8e]" started-at="2025-09-24T21:31:21 IST" name="m4" finished-at="2025-09-24T21:31:21 IST" duration-ms="2" status="PASS">
          <reporter-output>
          </reporter-output>
        </test-method> <!-- m4 -->
        <test-method is-config="true" signature="clear()[pri:0, instance:com.adactinhotelapp.tests.Login@28261e8e]" started-at="2025-09-24T21:31:21 IST" name="clear" finished-at="2025-09-24T21:31:21 IST" duration-ms="0" status="PASS">
          <reporter-output>
          </reporter-output>
        </test-method> <!-- clear -->
      </class> <!-- com.adactinhotelapp.tests.Login -->
    </test> <!-- Test -->
  </suite> <!-- Suite -->
</testng-results>
